d:\vs projects\surfaceevolver\surfaceevolverdevelop\surfaceevolver\x64\release\vc142.pdb
d:\vs projects\surfaceevolver\surfaceevolverdevelop\surfaceevolver\x64\release\vector3.obj
d:\vs projects\surfaceevolver\surfaceevolverdevelop\surfaceevolver\x64\release\surfaceevolver.obj
d:\vs projects\surfaceevolver\surfaceevolverdevelop\surfaceevolver\x64\release\primitive.obj
d:\vs projects\surfaceevolver\surfaceevolverdevelop\surfaceevolver\x64\release\geometry.obj
d:\vs projects\surfaceevolver\surfaceevolverdevelop\surfaceevolver\x64\release\icosphere.obj
d:\vs projects\surfaceevolver\surfaceevolverdevelop\surfaceevolver\x64\release\sweep_context.obj
d:\vs projects\surfaceevolver\surfaceevolverdevelop\surfaceevolver\x64\release\sweep.obj
d:\vs projects\surfaceevolver\surfaceevolverdevelop\surfaceevolver\x64\release\cdt.obj
d:\vs projects\surfaceevolver\surfaceevolverdevelop\surfaceevolver\x64\release\advancing_front.obj
d:\vs projects\surfaceevolver\surfaceevolverdevelop\surfaceevolver\x64\release\shapes.obj
d:\vs projects\surfaceevolver\surfaceevolverdevelop\surfaceevolver\x64\release\main.obj
d:\vs projects\surfaceevolver\surfaceevolverdevelop\surfaceevolver\x64\release\matrix4.obj
d:\vs projects\surfaceevolver\surfaceevolverdevelop\surfaceevolver\x64\release\matrix3.obj
d:\vs projects\surfaceevolver\surfaceevolverdevelop\surfaceevolver\x64\release\box3.obj
d:\vs projects\surfaceevolver\surfaceevolverdevelop\surfaceevolver\x64\release\primitivebox.obj
d:\vs projects\surfaceevolver\surfaceevolverdevelop\surfaceevolver\x64\release\deform.obj
d:\vs projects\surfaceevolver\surfaceevolverdevelop\surfaceevolver\x64\release\cubesphere.obj
d:\vs projects\surfaceevolver\surfaceevolverdevelop\surfaceevolver\x64\release\vtkexporter.obj
d:\vs projects\surfaceevolver\surfaceevolverdevelop\surfaceevolver\x64\release\objimporter.obj
d:\vs projects\surfaceevolver\surfaceevolverdevelop\surfaceevolver\x64\release\objexporter.obj
d:\vs projects\surfaceevolver\surfaceevolverdevelop\surfaceevolver\x64\release\octree.obj
d:\vs projects\surfaceevolver\surfaceevolverdevelop\surfaceevolver\x64\release\aabbtree.obj
d:\vs projects\surfaceevolver\surfaceevolverdevelop\surfaceevolver\x64\release\sdf.obj
d:\vs projects\surfaceevolver\surfaceevolverdevelop\surfaceevolver\x64\release\grid.obj
d:\vs projects\surfaceevolver\surfaceevolverdevelop\surfaceevolver\x64\release\fastsweep3d.obj
d:\vs projects\surfaceevolver\surfaceevolverdevelop\x64\release\surfaceevolver.exe
d:\vs projects\surfaceevolver\surfaceevolverdevelop\x64\release\surfaceevolver.pdb
d:\vs projects\surfaceevolver\surfaceevolverdevelop\x64\release\surfaceevolver.ipdb
d:\vs projects\surfaceevolver\surfaceevolverdevelop\x64\release\surfaceevolver.iobj
d:\vs projects\surfaceevolver\surfaceevolverdevelop\surfaceevolver\x64\release\surfaceevolver.tlog\cl.command.1.tlog
d:\vs projects\surfaceevolver\surfaceevolverdevelop\surfaceevolver\x64\release\surfaceevolver.tlog\cl.read.1.tlog
d:\vs projects\surfaceevolver\surfaceevolverdevelop\surfaceevolver\x64\release\surfaceevolver.tlog\cl.write.1.tlog
d:\vs projects\surfaceevolver\surfaceevolverdevelop\surfaceevolver\x64\release\surfaceevolver.tlog\link.command.1.tlog
d:\vs projects\surfaceevolver\surfaceevolverdevelop\surfaceevolver\x64\release\surfaceevolver.tlog\link.delete.1.tlog
d:\vs projects\surfaceevolver\surfaceevolverdevelop\surfaceevolver\x64\release\surfaceevolver.tlog\link.read.1.tlog
d:\vs projects\surfaceevolver\surfaceevolverdevelop\surfaceevolver\x64\release\surfaceevolver.tlog\link.read.9.tlog
d:\vs projects\surfaceevolver\surfaceevolverdevelop\surfaceevolver\x64\release\surfaceevolver.tlog\link.write.1.tlog
d:\vs projects\surfaceevolver\surfaceevolverdevelop\surfaceevolver\x64\release\surfaceevolver.tlog\surfaceevolver.write.1u.tlog
