d:\vs projects\surfaceevolver\surfaceevolverdevelop\surfaceevolver\x64\debug\vc142.pdb
d:\vs projects\surfaceevolver\surfaceevolverdevelop\surfaceevolver\x64\debug\vc142.idb
d:\vs projects\surfaceevolver\surfaceevolverdevelop\surfaceevolver\x64\debug\vector3.obj
d:\vs projects\surfaceevolver\surfaceevolverdevelop\surfaceevolver\x64\debug\surfaceevolver.obj
d:\vs projects\surfaceevolver\surfaceevolverdevelop\surfaceevolver\x64\debug\geometry.obj
d:\vs projects\surfaceevolver\surfaceevolverdevelop\surfaceevolver\x64\debug\primitive.obj
d:\vs projects\surfaceevolver\surfaceevolverdevelop\x64\debug\surfaceevolver.ilk
d:\vs projects\surfaceevolver\surfaceevolverdevelop\x64\debug\surfaceevolver.exe
d:\vs projects\surfaceevolver\surfaceevolverdevelop\x64\debug\surfaceevolver.pdb
d:\vs projects\surfaceevolver\surfaceevolverdevelop\surfaceevolver\x64\debug\surfaceevolver.tlog\cl.command.1.tlog
d:\vs projects\surfaceevolver\surfaceevolverdevelop\surfaceevolver\x64\debug\surfaceevolver.tlog\cl.read.1.tlog
d:\vs projects\surfaceevolver\surfaceevolverdevelop\surfaceevolver\x64\debug\surfaceevolver.tlog\cl.write.1.tlog
d:\vs projects\surfaceevolver\surfaceevolverdevelop\surfaceevolver\x64\debug\surfaceevolver.tlog\link-cvtres.read.1.tlog
d:\vs projects\surfaceevolver\surfaceevolverdevelop\surfaceevolver\x64\debug\surfaceevolver.tlog\link-cvtres.write.1.tlog
d:\vs projects\surfaceevolver\surfaceevolverdevelop\surfaceevolver\x64\debug\surfaceevolver.tlog\link-rc.read.1.tlog
d:\vs projects\surfaceevolver\surfaceevolverdevelop\surfaceevolver\x64\debug\surfaceevolver.tlog\link-rc.write.1.tlog
d:\vs projects\surfaceevolver\surfaceevolverdevelop\surfaceevolver\x64\debug\surfaceevolver.tlog\link.9404-cvtres.read.1.tlog
d:\vs projects\surfaceevolver\surfaceevolverdevelop\surfaceevolver\x64\debug\surfaceevolver.tlog\link.9404-cvtres.write.1.tlog
d:\vs projects\surfaceevolver\surfaceevolverdevelop\surfaceevolver\x64\debug\surfaceevolver.tlog\link.9404-rc.read.1.tlog
d:\vs projects\surfaceevolver\surfaceevolverdevelop\surfaceevolver\x64\debug\surfaceevolver.tlog\link.9404-rc.write.1.tlog
d:\vs projects\surfaceevolver\surfaceevolverdevelop\surfaceevolver\x64\debug\surfaceevolver.tlog\link.9404.read.1.tlog
d:\vs projects\surfaceevolver\surfaceevolverdevelop\surfaceevolver\x64\debug\surfaceevolver.tlog\link.9404.write.1.tlog
d:\vs projects\surfaceevolver\surfaceevolverdevelop\surfaceevolver\x64\debug\surfaceevolver.tlog\link.command.1.tlog
d:\vs projects\surfaceevolver\surfaceevolverdevelop\surfaceevolver\x64\debug\surfaceevolver.tlog\link.read.1.tlog
d:\vs projects\surfaceevolver\surfaceevolverdevelop\surfaceevolver\x64\debug\surfaceevolver.tlog\link.write.1.tlog
