  AABBTree.cpp
D:\VS Projects\SurfaceEvolver\SurfaceEvolverDevelop\SurfaceEvolver\BVH\AABBTree.cpp(21,33): warning C4305: 'argument': truncation from 'double' to 'float'
D:\VS Projects\SurfaceEvolver\SurfaceEvolverDevelop\SurfaceEvolver\BVH\AABBTree.cpp(22,32): warning C4305: 'argument': truncation from 'double' to 'float'
D:\VS Projects\SurfaceEvolver\SurfaceEvolverDevelop\SurfaceEvolver\BVH\AABBTree.cpp(398,16): warning C4101: 't_right': unreferenced local variable
D:\VS Projects\SurfaceEvolver\SurfaceEvolverDevelop\SurfaceEvolver\BVH\AABBTree.cpp(398,8): warning C4101: 't_left': unreferenced local variable
D:\VS Projects\SurfaceEvolver\SurfaceEvolverDevelop\SurfaceEvolver\BVH\AABBTree.cpp(768,79): warning C4244: 'argument': conversion from 'float' to 'unsigned int', possible loss of data
D:\VS Projects\SurfaceEvolver\SurfaceEvolverDevelop\SurfaceEvolver\BVH\AABBTree.cpp(768,63): warning C4244: 'argument': conversion from 'float' to 'unsigned int', possible loss of data
D:\VS Projects\SurfaceEvolver\SurfaceEvolverDevelop\SurfaceEvolver\BVH\AABBTree.cpp(889,21): warning C4101: 'cMax': unreferenced local variable
  Octree.cpp
D:\VS Projects\SurfaceEvolver\SurfaceEvolverDevelop\SurfaceEvolver\BVH\AABBTree.cpp(889,15): warning C4101: 'cMin': unreferenced local variable
  OBJExporter.cpp
  OBJImporter.cpp
  VTKExporter.cpp
D:\VS Projects\SurfaceEvolver\SurfaceEvolverDevelop\SurfaceEvolver\BVH\Octree.cpp(47,18): warning C4553: '==': result of expression not used; did you intend '='?
  CubeSphere.cpp
  Deform.cpp
D:\VS Projects\SurfaceEvolver\SurfaceEvolverDevelop\SurfaceEvolver\ExportImport\VTKExporter.cpp(42,21): warning C4018: '<': signed/unsigned mismatch
  Icosphere.cpp
  PrimitiveBox.cpp
  Box3.cpp
D:\VS Projects\SurfaceEvolver\SurfaceEvolverDevelop\SurfaceEvolver\GeometryObject\Deform.cpp(21,15): warning C4244: 'initializing': conversion from 'double' to 'float', possible loss of data
D:\VS Projects\SurfaceEvolver\SurfaceEvolverDevelop\SurfaceEvolver\Geometry\Box3.cpp(90,7): warning C4244: 'argument': conversion from 'double' to 'float', possible loss of data
D:\VS Projects\SurfaceEvolver\SurfaceEvolverDevelop\SurfaceEvolver\Geometry\Box3.cpp(89,7): warning C4244: 'argument': conversion from 'double' to 'float', possible loss of data
D:\VS Projects\SurfaceEvolver\SurfaceEvolverDevelop\SurfaceEvolver\Geometry\Box3.cpp(88,7): warning C4244: 'argument': conversion from 'double' to 'float', possible loss of data
D:\VS Projects\SurfaceEvolver\SurfaceEvolverDevelop\SurfaceEvolver\Geometry\Box3.cpp(116,7): warning C4244: 'argument': conversion from 'double' to 'float', possible loss of data
D:\VS Projects\SurfaceEvolver\SurfaceEvolverDevelop\SurfaceEvolver\Geometry\Box3.cpp(115,7): warning C4244: 'argument': conversion from 'double' to 'float', possible loss of data
  Geometry.cpp
D:\VS Projects\SurfaceEvolver\SurfaceEvolverDevelop\SurfaceEvolver\Geometry\Box3.cpp(114,7): warning C4244: 'argument': conversion from 'double' to 'float', possible loss of data
D:\VS Projects\SurfaceEvolver\SurfaceEvolverDevelop\SurfaceEvolver\Geometry\Geometry.cpp(260,45): warning C4305: 'argument': truncation from 'double' to 'float'
D:\VS Projects\SurfaceEvolver\SurfaceEvolverDevelop\SurfaceEvolver\Geometry\Geometry.cpp(288,50): warning C4305: 'argument': truncation from 'double' to 'float'
D:\VS Projects\SurfaceEvolver\SurfaceEvolverDevelop\SurfaceEvolver\Geometry\Geometry.cpp(294,45): warning C4305: 'argument': truncation from 'double' to 'float'
D:\VS Projects\SurfaceEvolver\SurfaceEvolverDevelop\SurfaceEvolver\Geometry\Geometry.cpp(422,15): warning C4101: 'e': unreferenced local variable
D:\VS Projects\SurfaceEvolver\SurfaceEvolverDevelop\SurfaceEvolver\Geometry\Geometry.cpp(497,20): warning C4018: '<': signed/unsigned mismatch
D:\VS Projects\SurfaceEvolver\SurfaceEvolverDevelop\SurfaceEvolver\Geometry\Geometry.cpp(858,8): warning C4101: 'hitParam': unreferenced local variable
D:\VS Projects\SurfaceEvolver\SurfaceEvolverDevelop\SurfaceEvolver\Geometry\Geometry.cpp(1276,33): warning C4305: 'initializing': truncation from 'double' to 'float'
D:\VS Projects\SurfaceEvolver\SurfaceEvolverDevelop\SurfaceEvolver\Geometry\Geometry.cpp(1287,10): warning C4244: '=': conversion from 'double' to 'float', possible loss of data
D:\VS Projects\SurfaceEvolver\SurfaceEvolverDevelop\SurfaceEvolver\Geometry\Geometry.cpp(455,20): warning C4244: '=': conversion from '_Ty' to 'float', possible loss of data
D:\VS Projects\SurfaceEvolver\SurfaceEvolverDevelop\SurfaceEvolver\Geometry\Geometry.cpp(455,20): warning C4244:         with
D:\VS Projects\SurfaceEvolver\SurfaceEvolverDevelop\SurfaceEvolver\Geometry\Geometry.cpp(455,20): warning C4244:         [
D:\VS Projects\SurfaceEvolver\SurfaceEvolverDevelop\SurfaceEvolver\Geometry\Geometry.cpp(455,20): warning C4244:             _Ty=unsigned int
D:\VS Projects\SurfaceEvolver\SurfaceEvolverDevelop\SurfaceEvolver\Geometry\Geometry.cpp(455,20): warning C4244:         ]
D:\VS Projects\SurfaceEvolver\SurfaceEvolverDevelop\SurfaceEvolver\Geometry\Geometry.cpp(469): message : see reference to function template instantiation 'void flipArray<unsigned int>(std::vector<unsigned int,std::allocator<_Ty>>,unsigned int)' being compiled
D:\VS Projects\SurfaceEvolver\SurfaceEvolverDevelop\SurfaceEvolver\Geometry\Geometry.cpp(469): message :         with
D:\VS Projects\SurfaceEvolver\SurfaceEvolverDevelop\SurfaceEvolver\Geometry\Geometry.cpp(469): message :         [
D:\VS Projects\SurfaceEvolver\SurfaceEvolverDevelop\SurfaceEvolver\Geometry\Geometry.cpp(469): message :             _Ty=unsigned int
D:\VS Projects\SurfaceEvolver\SurfaceEvolverDevelop\SurfaceEvolver\Geometry\Geometry.cpp(469): message :         ]
  Matrix3.cpp
D:\VS Projects\SurfaceEvolver\SurfaceEvolverDevelop\SurfaceEvolver\Geometry\Geometry.cpp(457,20): warning C4244: '=': conversion from 'float' to '_Ty', possible loss of data
D:\VS Projects\SurfaceEvolver\SurfaceEvolverDevelop\SurfaceEvolver\Geometry\Geometry.cpp(457,20): warning C4244:         with
D:\VS Projects\SurfaceEvolver\SurfaceEvolverDevelop\SurfaceEvolver\Geometry\Geometry.cpp(457,20): warning C4244:         [
D:\VS Projects\SurfaceEvolver\SurfaceEvolverDevelop\SurfaceEvolver\Geometry\Geometry.cpp(457,20): warning C4244:             _Ty=unsigned int
D:\VS Projects\SurfaceEvolver\SurfaceEvolverDevelop\SurfaceEvolver\Geometry\Geometry.cpp(457,20): warning C4244:         ]
  Matrix4.cpp
D:\VS Projects\SurfaceEvolver\SurfaceEvolverDevelop\SurfaceEvolver\Geometry\Matrix3.cpp(115,13): warning C4101: 'ex': unreferenced local variable
  Quaternion.cpp
D:\VS Projects\SurfaceEvolver\SurfaceEvolverDevelop\SurfaceEvolver\Geometry\Matrix4.cpp(325,13): warning C4101: 'ex': unreferenced local variable
D:\VS Projects\SurfaceEvolver\SurfaceEvolverDevelop\SurfaceEvolver\Geometry\Quaternion.cpp(128,18): warning C4244: '=': conversion from 'double' to 'float', possible loss of data
  Vector3.cpp
D:\VS Projects\SurfaceEvolver\SurfaceEvolverDevelop\SurfaceEvolver\Geometry\Quaternion.cpp(188,18): warning C4244: '=': conversion from 'double' to 'float', possible loss of data
  main.cpp
D:\VS Projects\SurfaceEvolver\SurfaceEvolverDevelop\SurfaceEvolver\Geometry\Vector3.cpp(178,13): warning C4101: 'e': unreferenced local variable
D:\VS Projects\SurfaceEvolver\SurfaceEvolverDevelop\SurfaceEvolver\Main\main.cpp(144,14): warning C4244: 'initializing': conversion from 'double' to 'unsigned int', possible loss of data
D:\VS Projects\SurfaceEvolver\SurfaceEvolverDevelop\SurfaceEvolver\Main\main.cpp(148,80): warning C4305: 'argument': truncation from 'double' to 'float'
D:\VS Projects\SurfaceEvolver\SurfaceEvolverDevelop\SurfaceEvolver\Main\main.cpp(155,80): warning C4305: 'argument': truncation from 'double' to 'float'
D:\VS Projects\SurfaceEvolver\SurfaceEvolverDevelop\SurfaceEvolver\Main\main.cpp(176,14): warning C4244: 'initializing': conversion from 'double' to 'unsigned int', possible loss of data
  shapes.cc
  advancing_front.cc
  cdt.cc
  sweep.cc
D:\VS Projects\SurfaceEvolver\SurfaceEvolverDevelop\SurfaceEvolver\Main\main.cpp(180,80): warning C4305: 'argument': truncation from 'double' to 'float'
  Generating Code...
D:\VS Projects\SurfaceEvolver\SurfaceEvolverDevelop\SurfaceEvolver\poly2tri\sweep\sweep.cc(806,22): warning C4018: '<': signed/unsigned mismatch
D:\VS Projects\SurfaceEvolver\SurfaceEvolverDevelop\SurfaceEvolver\poly2tri\sweep\sweep.cc(772): warning C4715: 'p2t::Sweep::NextFlipPoint': not all control paths return a value
D:\VS Projects\SurfaceEvolver\SurfaceEvolverDevelop\SurfaceEvolver\poly2tri\common\shapes.cc(167): warning C4715: 'p2t::Triangle::Index': not all control paths return a value
D:\VS Projects\SurfaceEvolver\SurfaceEvolverDevelop\SurfaceEvolver\poly2tri\common\shapes.cc(226): warning C4715: 'p2t::Triangle::PointCW': not all control paths return a value
  Compiling...
  sweep_context.cc
  FastSweep3D.cpp
D:\VS Projects\SurfaceEvolver\SurfaceEvolverDevelop\SurfaceEvolver\poly2tri\common\shapes.cc(239): warning C4715: 'p2t::Triangle::PointCCW': not all control paths return a value
D:\VS Projects\SurfaceEvolver\SurfaceEvolverDevelop\SurfaceEvolver\SDF\FastSweep3D.cpp(33,30): warning C4305: 'initializing': truncation from 'double' to 'float'
D:\VS Projects\SurfaceEvolver\SurfaceEvolverDevelop\SurfaceEvolver\SDF\FastSweep3D.cpp(37,35): warning C4838: conversion from 'unsigned int' to 'const int' requires a narrowing conversion
D:\VS Projects\SurfaceEvolver\SurfaceEvolverDevelop\SurfaceEvolver\SDF\FastSweep3D.cpp(37,50): warning C4838: conversion from 'unsigned int' to 'const int' requires a narrowing conversion
D:\VS Projects\SurfaceEvolver\SurfaceEvolverDevelop\SurfaceEvolver\SDF\FastSweep3D.cpp(37,69): warning C4838: conversion from 'unsigned int' to 'const int' requires a narrowing conversion
D:\VS Projects\SurfaceEvolver\SurfaceEvolverDevelop\SurfaceEvolver\SDF\FastSweep3D.cpp(37,88): warning C4838: conversion from 'unsigned int' to 'const int' requires a narrowing conversion
D:\VS Projects\SurfaceEvolver\SurfaceEvolverDevelop\SurfaceEvolver\SDF\FastSweep3D.cpp(37,107): warning C4838: conversion from 'unsigned int' to 'const int' requires a narrowing conversion
D:\VS Projects\SurfaceEvolver\SurfaceEvolverDevelop\SurfaceEvolver\SDF\FastSweep3D.cpp(37,129): warning C4838: conversion from 'unsigned int' to 'const int' requires a narrowing conversion
D:\VS Projects\SurfaceEvolver\SurfaceEvolverDevelop\SurfaceEvolver\SDF\FastSweep3D.cpp(37,147): warning C4838: conversion from 'unsigned int' to 'const int' requires a narrowing conversion
D:\VS Projects\SurfaceEvolver\SurfaceEvolverDevelop\SurfaceEvolver\SDF\FastSweep3D.cpp(37,165): warning C4838: conversion from 'unsigned int' to 'const int' requires a narrowing conversion
D:\VS Projects\SurfaceEvolver\SurfaceEvolverDevelop\SurfaceEvolver\SDF\FastSweep3D.cpp(38,35): warning C4838: conversion from 'unsigned int' to 'const int' requires a narrowing conversion
D:\VS Projects\SurfaceEvolver\SurfaceEvolverDevelop\SurfaceEvolver\SDF\FastSweep3D.cpp(38,53): warning C4838: conversion from 'unsigned int' to 'const int' requires a narrowing conversion
D:\VS Projects\SurfaceEvolver\SurfaceEvolverDevelop\SurfaceEvolver\SDF\FastSweep3D.cpp(38,68): warning C4838: conversion from 'unsigned int' to 'const int' requires a narrowing conversion
D:\VS Projects\SurfaceEvolver\SurfaceEvolverDevelop\SurfaceEvolver\SDF\FastSweep3D.cpp(38,87): warning C4838: conversion from 'unsigned int' to 'const int' requires a narrowing conversion
D:\VS Projects\SurfaceEvolver\SurfaceEvolverDevelop\SurfaceEvolver\SDF\FastSweep3D.cpp(38,109): warning C4838: conversion from 'unsigned int' to 'const int' requires a narrowing conversion
D:\VS Projects\SurfaceEvolver\SurfaceEvolverDevelop\SurfaceEvolver\SDF\FastSweep3D.cpp(38,127): warning C4838: conversion from 'unsigned int' to 'const int' requires a narrowing conversion
D:\VS Projects\SurfaceEvolver\SurfaceEvolverDevelop\SurfaceEvolver\SDF\FastSweep3D.cpp(38,142): warning C4838: conversion from 'unsigned int' to 'const int' requires a narrowing conversion
D:\VS Projects\SurfaceEvolver\SurfaceEvolverDevelop\SurfaceEvolver\SDF\FastSweep3D.cpp(38,161): warning C4838: conversion from 'unsigned int' to 'const int' requires a narrowing conversion
D:\VS Projects\SurfaceEvolver\SurfaceEvolverDevelop\SurfaceEvolver\SDF\FastSweep3D.cpp(39,35): warning C4838: conversion from 'unsigned int' to 'const int' requires a narrowing conversion
D:\VS Projects\SurfaceEvolver\SurfaceEvolverDevelop\SurfaceEvolver\SDF\FastSweep3D.cpp(39,53): warning C4838: conversion from 'unsigned int' to 'const int' requires a narrowing conversion
D:\VS Projects\SurfaceEvolver\SurfaceEvolverDevelop\SurfaceEvolver\SDF\FastSweep3D.cpp(39,71): warning C4838: conversion from 'unsigned int' to 'const int' requires a narrowing conversion
D:\VS Projects\SurfaceEvolver\SurfaceEvolverDevelop\SurfaceEvolver\SDF\FastSweep3D.cpp(39,86): warning C4838: conversion from 'unsigned int' to 'const int' requires a narrowing conversion
D:\VS Projects\SurfaceEvolver\SurfaceEvolverDevelop\SurfaceEvolver\SDF\FastSweep3D.cpp(39,105): warning C4838: conversion from 'unsigned int' to 'const int' requires a narrowing conversion
D:\VS Projects\SurfaceEvolver\SurfaceEvolverDevelop\SurfaceEvolver\SDF\FastSweep3D.cpp(39,124): warning C4838: conversion from 'unsigned int' to 'const int' requires a narrowing conversion
D:\VS Projects\SurfaceEvolver\SurfaceEvolverDevelop\SurfaceEvolver\SDF\FastSweep3D.cpp(39,143): warning C4838: conversion from 'unsigned int' to 'const int' requires a narrowing conversion
D:\VS Projects\SurfaceEvolver\SurfaceEvolverDevelop\SurfaceEvolver\SDF\FastSweep3D.cpp(39,165): warning C4838: conversion from 'unsigned int' to 'const int' requires a narrowing conversion
  Grid.cpp
D:\VS Projects\SurfaceEvolver\SurfaceEvolverDevelop\SurfaceEvolver\SDF\FastSweep3D.cpp(45,16): warning C4018: '<': signed/unsigned mismatch
D:\VS Projects\SurfaceEvolver\SurfaceEvolverDevelop\SurfaceEvolver\SDF\Grid.cpp(340,18): warning C4018: '<': signed/unsigned mismatch
D:\VS Projects\SurfaceEvolver\SurfaceEvolverDevelop\SurfaceEvolver\SDF\Grid.cpp(341,19): warning C4018: '<': signed/unsigned mismatch
D:\VS Projects\SurfaceEvolver\SurfaceEvolverDevelop\SurfaceEvolver\SDF\Grid.cpp(342,20): warning C4018: '<': signed/unsigned mismatch
D:\VS Projects\SurfaceEvolver\SurfaceEvolverDevelop\SurfaceEvolver\SDF\Grid.cpp(351,19): warning C4018: '<': signed/unsigned mismatch
D:\VS Projects\SurfaceEvolver\SurfaceEvolverDevelop\SurfaceEvolver\SDF\Grid.cpp(384,18): warning C4018: '<': signed/unsigned mismatch
D:\VS Projects\SurfaceEvolver\SurfaceEvolverDevelop\SurfaceEvolver\SDF\Grid.cpp(385,19): warning C4018: '<': signed/unsigned mismatch
  SDF.cpp
D:\VS Projects\SurfaceEvolver\SurfaceEvolverDevelop\SurfaceEvolver\SDF\Grid.cpp(386,20): warning C4018: '<': signed/unsigned mismatch
  Generating Code...
D:\VS Projects\SurfaceEvolver\SurfaceEvolverDevelop\SurfaceEvolver\SDF\SDF.cpp(157,87): warning C4129: 'w': unrecognized character escape sequence
LINK : warning LNK4075: ignoring '/INCREMENTAL' due to '/PROFILE' specification
AABBTree.obj : warning LNK4075: ignoring '/EDITANDCONTINUE' due to '/OPT:REF' specification
  SurfaceEvolver.vcxproj -> D:\VS Projects\SurfaceEvolver\SurfaceEvolverDevelop\Debug\SurfaceEvolver.exe
